<?xml version="1.0" encoding="UTF-8"?>
<!-- Generated by org.testng.reporters.JUnitXMLReporter -->
<testsuite ignored="0" hostname="Production" failures="0" tests="6" name="MyTests" time="10.328" errors="0" timestamp="2022-09-20T11:17:46 EDT">
  <testcase classname="com.yesm.maven.project.BrowserTestingPractice" name="@BeforeTest beforeTest" time="10.252">
    <failure type="org.openqa.selenium.ElementNotInteractableException" message="element not interactable
  (Session info: chrome=105.0.5195.127)
Build info: version: &amp;apos;4.4.0&amp;apos;, revision: &amp;apos;e5c75ed026a&amp;apos;
System info: host: &amp;apos;PRODUCTION&amp;apos;, ip: &amp;apos;192.168.1.84&amp;apos;, os.name: &amp;apos;Windows 10&amp;apos;, os.arch: &amp;apos;amd64&amp;apos;, os.version: &amp;apos;10.0&amp;apos;, java.version: &amp;apos;11.0.16.1&amp;apos;
Driver info: org.openqa.selenium.chrome.ChromeDriver
Command: [91ea8259cdc95537aec82ddf05a533e6, sendKeysToElement {id=96373ec5-710c-41f7-bbed-2c7454d6afdd, value=[Ljava.lang.CharSequence;@345cf395}]
Capabilities {acceptInsecureCerts: false, browserName: chrome, browserVersion: 105.0.5195.127, chrome: {chromedriverVersion: 105.0.5195.52 (412c95e51883..., userDataDir: C:\Users\PRODUC~1\AppData\L...}, goog:chromeOptions: {debuggerAddress: localhost:55544}, networkConnectionEnabled: false, pageLoadStrategy: normal, platformName: WINDOWS, proxy: Proxy(), se:cdp: ws://localhost:55544/devtoo..., se:cdpVersion: 105.0.5195.127, setWindowRect: true, strictFileInteractability: false, timeouts: {implicit: 0, pageLoad: 300000, script: 30000}, unhandledPromptBehavior: dismiss and notify, webauthn:extension:credBlob: true, webauthn:extension:largeBlob: true, webauthn:virtualAuthenticators: true}
Element: [[ChromeDriver: chrome on WINDOWS (91ea8259cdc95537aec82ddf05a533e6)] -&amp;gt; name: email]
Session ID: 91ea8259cdc95537aec82ddf05a533e6">
      <![CDATA[org.openqa.selenium.ElementNotInteractableException: element not interactable
  (Session info: chrome=105.0.5195.127)
Build info: version: '4.4.0', revision: 'e5c75ed026a'
System info: host: 'PRODUCTION', ip: '192.168.1.84', os.name: 'Windows 10', os.arch: 'amd64', os.version: '10.0', java.version: '11.0.16.1'
Driver info: org.openqa.selenium.chrome.ChromeDriver
Command: [91ea8259cdc95537aec82ddf05a533e6, sendKeysToElement {id=96373ec5-710c-41f7-bbed-2c7454d6afdd, value=[Ljava.lang.CharSequence;@345cf395}]
Capabilities {acceptInsecureCerts: false, browserName: chrome, browserVersion: 105.0.5195.127, chrome: {chromedriverVersion: 105.0.5195.52 (412c95e51883..., userDataDir: C:\Users\PRODUC~1\AppData\L...}, goog:chromeOptions: {debuggerAddress: localhost:55544}, networkConnectionEnabled: false, pageLoadStrategy: normal, platformName: WINDOWS, proxy: Proxy(), se:cdp: ws://localhost:55544/devtoo..., se:cdpVersion: 105.0.5195.127, setWindowRect: true, strictFileInteractability: false, timeouts: {implicit: 0, pageLoad: 300000, script: 30000}, unhandledPromptBehavior: dismiss and notify, webauthn:extension:credBlob: true, webauthn:extension:largeBlob: true, webauthn:virtualAuthenticators: true}
Element: [[ChromeDriver: chrome on WINDOWS (91ea8259cdc95537aec82ddf05a533e6)] -> name: email]
Session ID: 91ea8259cdc95537aec82ddf05a533e6
at org.openqa.selenium.remote.codec.w3c.W3CHttpResponseCodec.createException(W3CHttpResponseCodec.java:200)
at org.openqa.selenium.remote.codec.w3c.W3CHttpResponseCodec.decode(W3CHttpResponseCodec.java:133)
at org.openqa.selenium.remote.codec.w3c.W3CHttpResponseCodec.decode(W3CHttpResponseCodec.java:53)
at org.openqa.selenium.remote.HttpCommandExecutor.execute(HttpCommandExecutor.java:184)
at org.openqa.selenium.remote.service.DriverCommandExecutor.invokeExecute(DriverCommandExecutor.java:167)
at org.openqa.selenium.remote.service.DriverCommandExecutor.execute(DriverCommandExecutor.java:142)
at org.openqa.selenium.remote.RemoteWebDriver.execute(RemoteWebDriver.java:547)
at org.openqa.selenium.remote.RemoteWebElement.execute(RemoteWebElement.java:257)
at org.openqa.selenium.remote.RemoteWebElement.sendKeys(RemoteWebElement.java:113)
at com.yesm.maven.project.BrowserTestingPractice.beforeTest(BrowserTestingPractice.java:26)
... Removed 28 stack frames]]>
    </failure>
  </testcase> <!-- @BeforeTest beforeTest -->
  <testcase classname="com.yesm.maven.project.GoolgeTesting" name="@BeforeTest beforeTest" time="0.0">
    <skipped/>
  </testcase> <!-- @BeforeTest beforeTest -->
  <testcase classname="com.yesm.maven.project.YahooTesting" name="@BeforeTest startTest" time="0.0">
    <skipped/>
  </testcase> <!-- @BeforeTest startTest -->
  <testcase classname="com.yesm.maven.project.BrowserTestingPractice" name="@AfterTest afterTest" time="0.0">
    <skipped/>
  </testcase> <!-- @AfterTest afterTest -->
  <testcase classname="com.yesm.maven.project.GoolgeTesting" name="@AfterTest afterTest" time="0.0">
    <skipped/>
  </testcase> <!-- @AfterTest afterTest -->
  <testcase classname="com.yesm.maven.project.YahooTesting" name="@AfterTest endTest" time="0.0">
    <skipped/>
  </testcase> <!-- @AfterTest endTest -->
  <testcase classname="com.yesm.maven.project.TestNGProgram1" name="test1" time="0.0">
    <skipped/>
  </testcase> <!-- test1 -->
  <testcase classname="com.yesm.maven.project.TestNGProgram1" name="test2" time="0.0">
    <skipped/>
  </testcase> <!-- test2 -->
  <testcase classname="com.yesm.maven.project.YahooTesting" name="checkCity" time="0.0">
    <skipped/>
  </testcase> <!-- checkCity -->
  <testcase classname="com.yesm.maven.project.YahooTesting" name="checkTemperature" time="0.0">
    <skipped/>
  </testcase> <!-- checkTemperature -->
  <testcase classname="com.yesm.maven.project.GoolgeTesting" name="goolgeCity" time="0.0">
    <skipped/>
  </testcase> <!-- goolgeCity -->
  <testcase classname="com.yesm.maven.project.GoolgeTesting" name="goolgeTemperature" time="0.0">
    <skipped/>
  </testcase> <!-- goolgeTemperature -->
</testsuite> <!-- MyTests -->
